<?xml version="1.0" encoding="UTF-8"?>
<testsuite name="com.addressbookpackageservices.AddressBookSystemTest" tests="1" skipped="0" failures="0" errors="0" timestamp="2021-05-11T20:34:34" hostname="AVS-1997" time="0.223">
  <properties/>
  <testcase name="givenDateRangeWhenRetrieved_ShouldMatchEntryCount()" classname="com.addressbookpackageservices.AddressBookSystemTest" time="0.223"/>
  <system-out><![CDATA[Driver loaded!
Connecting to database:jdbc:mysql://localhost:3306/addressbook_service?useSSL=false
Connection is successful!!!com.mysql.cj.jdbc.ConnectionImpl@5d6eb7c8
]]></system-out>
  <system-err><![CDATA[]]></system-err>
</testsuite>
